19:33:38.626 [pool-1-thread-1] ERROR org.coocox.codb.common.log.ErrorLog - menuToolbarStat api exception!errorCode:2000
PUT API FAILED! 
org.coocox.codb.client.core.api.ClientBaseApi.putRespCheck(ClientBaseApi.java:55)
org.coocox.codb.client.core.api.impl.StatApiImpl.menuToolbarStat(StatApiImpl.java:85)
org.coocox.codb.client.core.task.StatisticsHandler$StatHandler.run(StatisticsHandler.java:78)
java.util.concurrent.ThreadPoolExecutor$Worker.runTask(Unknown Source)
java.util.concurrent.ThreadPoolExecutor$Worker.run(Unknown Source)
java.lang.Thread.run(Unknown Source)


19:34:37.191 [pool-1-thread-2] ERROR org.coocox.codb.common.log.ErrorLog - menuToolbarStat api exception!errorCode:2000
PUT API FAILED! 
org.coocox.codb.client.core.api.ClientBaseApi.putRespCheck(ClientBaseApi.java:55)
org.coocox.codb.client.core.api.impl.StatApiImpl.menuToolbarStat(StatApiImpl.java:85)
org.coocox.codb.client.core.task.StatisticsHandler$StatHandler.run(StatisticsHandler.java:78)
java.util.concurrent.ThreadPoolExecutor$Worker.runTask(Unknown Source)
java.util.concurrent.ThreadPoolExecutor$Worker.run(Unknown Source)
java.lang.Thread.run(Unknown Source)


19:36:16.671 [pool-1-thread-1] ERROR org.coocox.codb.common.log.ErrorLog - menuToolbarStat api exception!errorCode:2000
PUT API FAILED! 
org.coocox.codb.client.core.api.ClientBaseApi.putRespCheck(ClientBaseApi.java:55)
org.coocox.codb.client.core.api.impl.StatApiImpl.menuToolbarStat(StatApiImpl.java:85)
org.coocox.codb.client.core.task.StatisticsHandler$StatHandler.run(StatisticsHandler.java:78)
java.util.concurrent.ThreadPoolExecutor$Worker.runTask(Unknown Source)
java.util.concurrent.ThreadPoolExecutor$Worker.run(Unknown Source)
java.lang.Thread.run(Unknown Source)


19:36:42.258 [pool-1-thread-2] ERROR org.coocox.codb.common.log.ErrorLog - menuToolbarStat api exception!errorCode:2000
PUT API FAILED! 
org.coocox.codb.client.core.api.ClientBaseApi.putRespCheck(ClientBaseApi.java:55)
org.coocox.codb.client.core.api.impl.StatApiImpl.menuToolbarStat(StatApiImpl.java:85)
org.coocox.codb.client.core.task.StatisticsHandler$StatHandler.run(StatisticsHandler.java:78)
java.util.concurrent.ThreadPoolExecutor$Worker.runTask(Unknown Source)
java.util.concurrent.ThreadPoolExecutor$Worker.run(Unknown Source)
java.lang.Thread.run(Unknown Source)


19:39:07.803 [pool-1-thread-1] ERROR org.coocox.codb.common.log.ErrorLog - menuToolbarStat api exception!errorCode:2000
PUT API FAILED! 
org.coocox.codb.client.core.api.ClientBaseApi.putRespCheck(ClientBaseApi.java:55)
org.coocox.codb.client.core.api.impl.StatApiImpl.menuToolbarStat(StatApiImpl.java:85)
org.coocox.codb.client.core.task.StatisticsHandler$StatHandler.run(StatisticsHandler.java:78)
java.util.concurrent.ThreadPoolExecutor$Worker.runTask(Unknown Source)
java.util.concurrent.ThreadPoolExecutor$Worker.run(Unknown Source)
java.lang.Thread.run(Unknown Source)


19:39:23.871 [pool-1-thread-2] ERROR org.coocox.codb.common.log.ErrorLog - menuToolbarStat api exception!errorCode:2000
PUT API FAILED! 
org.coocox.codb.client.core.api.ClientBaseApi.putRespCheck(ClientBaseApi.java:55)
org.coocox.codb.client.core.api.impl.StatApiImpl.menuToolbarStat(StatApiImpl.java:85)
org.coocox.codb.client.core.task.StatisticsHandler$StatHandler.run(StatisticsHandler.java:78)
java.util.concurrent.ThreadPoolExecutor$Worker.runTask(Unknown Source)
java.util.concurrent.ThreadPoolExecutor$Worker.run(Unknown Source)
java.lang.Thread.run(Unknown Source)


19:39:38.961 [pool-1-thread-1] ERROR org.coocox.codb.common.log.ErrorLog - menuToolbarStat api exception!errorCode:2000
PUT API FAILED! 
org.coocox.codb.client.core.api.ClientBaseApi.putRespCheck(ClientBaseApi.java:55)
org.coocox.codb.client.core.api.impl.StatApiImpl.menuToolbarStat(StatApiImpl.java:85)
org.coocox.codb.client.core.task.StatisticsHandler$StatHandler.run(StatisticsHandler.java:78)
java.util.concurrent.ThreadPoolExecutor$Worker.runTask(Unknown Source)
java.util.concurrent.ThreadPoolExecutor$Worker.run(Unknown Source)
java.lang.Thread.run(Unknown Source)


19:40:03.249 [pool-1-thread-2] ERROR org.coocox.codb.common.log.ErrorLog - menuToolbarStat api exception!errorCode:2000
PUT API FAILED! 
org.coocox.codb.client.core.api.ClientBaseApi.putRespCheck(ClientBaseApi.java:55)
org.coocox.codb.client.core.api.impl.StatApiImpl.menuToolbarStat(StatApiImpl.java:85)
org.coocox.codb.client.core.task.StatisticsHandler$StatHandler.run(StatisticsHandler.java:78)
java.util.concurrent.ThreadPoolExecutor$Worker.runTask(Unknown Source)
java.util.concurrent.ThreadPoolExecutor$Worker.run(Unknown Source)
java.lang.Thread.run(Unknown Source)


19:40:16.042 [pool-1-thread-1] ERROR org.coocox.codb.common.log.ErrorLog - menuToolbarStat api exception!errorCode:2000
PUT API FAILED! 
org.coocox.codb.client.core.api.ClientBaseApi.putRespCheck(ClientBaseApi.java:55)
org.coocox.codb.client.core.api.impl.StatApiImpl.menuToolbarStat(StatApiImpl.java:85)
org.coocox.codb.client.core.task.StatisticsHandler$StatHandler.run(StatisticsHandler.java:78)
java.util.concurrent.ThreadPoolExecutor$Worker.runTask(Unknown Source)
java.util.concurrent.ThreadPoolExecutor$Worker.run(Unknown Source)
java.lang.Thread.run(Unknown Source)


19:40:59.699 [pool-1-thread-2] ERROR org.coocox.codb.common.log.ErrorLog - menuToolbarStat api exception!errorCode:2000
PUT API FAILED! 
org.coocox.codb.client.core.api.ClientBaseApi.putRespCheck(ClientBaseApi.java:55)
org.coocox.codb.client.core.api.impl.StatApiImpl.menuToolbarStat(StatApiImpl.java:85)
org.coocox.codb.client.core.task.StatisticsHandler$StatHandler.run(StatisticsHandler.java:78)
java.util.concurrent.ThreadPoolExecutor$Worker.runTask(Unknown Source)
java.util.concurrent.ThreadPoolExecutor$Worker.run(Unknown Source)
java.lang.Thread.run(Unknown Source)


19:42:36.631 [pool-1-thread-1] ERROR org.coocox.codb.common.log.ErrorLog - menuToolbarStat api exception!errorCode:2000
PUT API FAILED! 
org.coocox.codb.client.core.api.ClientBaseApi.putRespCheck(ClientBaseApi.java:55)
org.coocox.codb.client.core.api.impl.StatApiImpl.menuToolbarStat(StatApiImpl.java:85)
org.coocox.codb.client.core.task.StatisticsHandler$StatHandler.run(StatisticsHandler.java:78)
java.util.concurrent.ThreadPoolExecutor$Worker.runTask(Unknown Source)
java.util.concurrent.ThreadPoolExecutor$Worker.run(Unknown Source)
java.lang.Thread.run(Unknown Source)


19:44:41.336 [pool-1-thread-2] ERROR org.coocox.codb.common.log.ErrorLog - menuToolbarStat api exception!errorCode:2000
PUT API FAILED! 
org.coocox.codb.client.core.api.ClientBaseApi.putRespCheck(ClientBaseApi.java:55)
org.coocox.codb.client.core.api.impl.StatApiImpl.menuToolbarStat(StatApiImpl.java:85)
org.coocox.codb.client.core.task.StatisticsHandler$StatHandler.run(StatisticsHandler.java:78)
java.util.concurrent.ThreadPoolExecutor$Worker.runTask(Unknown Source)
java.util.concurrent.ThreadPoolExecutor$Worker.run(Unknown Source)
java.lang.Thread.run(Unknown Source)


19:46:13.988 [pool-1-thread-1] ERROR org.coocox.codb.common.log.ErrorLog - menuToolbarStat api exception!errorCode:2000
PUT API FAILED! 
org.coocox.codb.client.core.api.ClientBaseApi.putRespCheck(ClientBaseApi.java:55)
org.coocox.codb.client.core.api.impl.StatApiImpl.menuToolbarStat(StatApiImpl.java:85)
org.coocox.codb.client.core.task.StatisticsHandler$StatHandler.run(StatisticsHandler.java:78)
java.util.concurrent.ThreadPoolExecutor$Worker.runTask(Unknown Source)
java.util.concurrent.ThreadPoolExecutor$Worker.run(Unknown Source)
java.lang.Thread.run(Unknown Source)


19:46:18.421 [pool-1-thread-2] ERROR org.coocox.codb.common.log.ErrorLog - menuToolbarStat api exception!errorCode:2000
PUT API FAILED! 
org.coocox.codb.client.core.api.ClientBaseApi.putRespCheck(ClientBaseApi.java:55)
org.coocox.codb.client.core.api.impl.StatApiImpl.menuToolbarStat(StatApiImpl.java:85)
org.coocox.codb.client.core.task.StatisticsHandler$StatHandler.run(StatisticsHandler.java:78)
java.util.concurrent.ThreadPoolExecutor$Worker.runTask(Unknown Source)
java.util.concurrent.ThreadPoolExecutor$Worker.run(Unknown Source)
java.lang.Thread.run(Unknown Source)


19:46:22.010 [pool-1-thread-1] ERROR org.coocox.codb.common.log.ErrorLog - menuToolbarStat api exception!errorCode:2000
PUT API FAILED! 
org.coocox.codb.client.core.api.ClientBaseApi.putRespCheck(ClientBaseApi.java:55)
org.coocox.codb.client.core.api.impl.StatApiImpl.menuToolbarStat(StatApiImpl.java:85)
org.coocox.codb.client.core.task.StatisticsHandler$StatHandler.run(StatisticsHandler.java:78)
java.util.concurrent.ThreadPoolExecutor$Worker.runTask(Unknown Source)
java.util.concurrent.ThreadPoolExecutor$Worker.run(Unknown Source)
java.lang.Thread.run(Unknown Source)


19:46:43.135 [pool-1-thread-2] ERROR org.coocox.codb.common.log.ErrorLog - menuToolbarStat api exception!errorCode:2000
PUT API FAILED! 
org.coocox.codb.client.core.api.ClientBaseApi.putRespCheck(ClientBaseApi.java:55)
org.coocox.codb.client.core.api.impl.StatApiImpl.menuToolbarStat(StatApiImpl.java:85)
org.coocox.codb.client.core.task.StatisticsHandler$StatHandler.run(StatisticsHandler.java:78)
java.util.concurrent.ThreadPoolExecutor$Worker.runTask(Unknown Source)
java.util.concurrent.ThreadPoolExecutor$Worker.run(Unknown Source)
java.lang.Thread.run(Unknown Source)


19:47:31.720 [pool-1-thread-1] ERROR org.coocox.codb.common.log.ErrorLog - menuToolbarStat api exception!errorCode:2000
PUT API FAILED! 
org.coocox.codb.client.core.api.ClientBaseApi.putRespCheck(ClientBaseApi.java:55)
org.coocox.codb.client.core.api.impl.StatApiImpl.menuToolbarStat(StatApiImpl.java:85)
org.coocox.codb.client.core.task.StatisticsHandler$StatHandler.run(StatisticsHandler.java:78)
java.util.concurrent.ThreadPoolExecutor$Worker.runTask(Unknown Source)
java.util.concurrent.ThreadPoolExecutor$Worker.run(Unknown Source)
java.lang.Thread.run(Unknown Source)


19:48:34.744 [pool-1-thread-2] ERROR org.coocox.codb.common.log.ErrorLog - menuToolbarStat api exception!errorCode:2000
PUT API FAILED! 
org.coocox.codb.client.core.api.ClientBaseApi.putRespCheck(ClientBaseApi.java:55)
org.coocox.codb.client.core.api.impl.StatApiImpl.menuToolbarStat(StatApiImpl.java:85)
org.coocox.codb.client.core.task.StatisticsHandler$StatHandler.run(StatisticsHandler.java:78)
java.util.concurrent.ThreadPoolExecutor$Worker.runTask(Unknown Source)
java.util.concurrent.ThreadPoolExecutor$Worker.run(Unknown Source)
java.lang.Thread.run(Unknown Source)


19:50:15.395 [pool-1-thread-1] ERROR org.coocox.codb.common.log.ErrorLog - menuToolbarStat api exception!errorCode:2000
PUT API FAILED! 
org.coocox.codb.client.core.api.ClientBaseApi.putRespCheck(ClientBaseApi.java:55)
org.coocox.codb.client.core.api.impl.StatApiImpl.menuToolbarStat(StatApiImpl.java:85)
org.coocox.codb.client.core.task.StatisticsHandler$StatHandler.run(StatisticsHandler.java:78)
java.util.concurrent.ThreadPoolExecutor$Worker.runTask(Unknown Source)
java.util.concurrent.ThreadPoolExecutor$Worker.run(Unknown Source)
java.lang.Thread.run(Unknown Source)


19:54:09.172 [pool-1-thread-2] ERROR org.coocox.codb.common.log.ErrorLog - menuToolbarStat api exception!errorCode:2000
PUT API FAILED! 
org.coocox.codb.client.core.api.ClientBaseApi.putRespCheck(ClientBaseApi.java:55)
org.coocox.codb.client.core.api.impl.StatApiImpl.menuToolbarStat(StatApiImpl.java:85)
org.coocox.codb.client.core.task.StatisticsHandler$StatHandler.run(StatisticsHandler.java:78)
java.util.concurrent.ThreadPoolExecutor$Worker.runTask(Unknown Source)
java.util.concurrent.ThreadPoolExecutor$Worker.run(Unknown Source)
java.lang.Thread.run(Unknown Source)


19:55:43.414 [pool-1-thread-1] ERROR org.coocox.codb.common.log.ErrorLog - menuToolbarStat api exception!errorCode:2000
PUT API FAILED! 
org.coocox.codb.client.core.api.ClientBaseApi.putRespCheck(ClientBaseApi.java:55)
org.coocox.codb.client.core.api.impl.StatApiImpl.menuToolbarStat(StatApiImpl.java:85)
org.coocox.codb.client.core.task.StatisticsHandler$StatHandler.run(StatisticsHandler.java:78)
java.util.concurrent.ThreadPoolExecutor$Worker.runTask(Unknown Source)
java.util.concurrent.ThreadPoolExecutor$Worker.run(Unknown Source)
java.lang.Thread.run(Unknown Source)


19:56:18.889 [pool-1-thread-2] ERROR org.coocox.codb.common.log.ErrorLog - menuToolbarStat api exception!errorCode:2000
PUT API FAILED! 
org.coocox.codb.client.core.api.ClientBaseApi.putRespCheck(ClientBaseApi.java:55)
org.coocox.codb.client.core.api.impl.StatApiImpl.menuToolbarStat(StatApiImpl.java:85)
org.coocox.codb.client.core.task.StatisticsHandler$StatHandler.run(StatisticsHandler.java:78)
java.util.concurrent.ThreadPoolExecutor$Worker.runTask(Unknown Source)
java.util.concurrent.ThreadPoolExecutor$Worker.run(Unknown Source)
java.lang.Thread.run(Unknown Source)


19:56:21.704 [pool-1-thread-1] ERROR org.coocox.codb.common.log.ErrorLog - menuToolbarStat api exception!errorCode:2000
PUT API FAILED! 
org.coocox.codb.client.core.api.ClientBaseApi.putRespCheck(ClientBaseApi.java:55)
org.coocox.codb.client.core.api.impl.StatApiImpl.menuToolbarStat(StatApiImpl.java:85)
org.coocox.codb.client.core.task.StatisticsHandler$StatHandler.run(StatisticsHandler.java:78)
java.util.concurrent.ThreadPoolExecutor$Worker.runTask(Unknown Source)
java.util.concurrent.ThreadPoolExecutor$Worker.run(Unknown Source)
java.lang.Thread.run(Unknown Source)


19:56:27.892 [pool-1-thread-2] ERROR org.coocox.codb.common.log.ErrorLog - menuToolbarStat api exception!errorCode:2000
PUT API FAILED! 
org.coocox.codb.client.core.api.ClientBaseApi.putRespCheck(ClientBaseApi.java:55)
org.coocox.codb.client.core.api.impl.StatApiImpl.menuToolbarStat(StatApiImpl.java:85)
org.coocox.codb.client.core.task.StatisticsHandler$StatHandler.run(StatisticsHandler.java:78)
java.util.concurrent.ThreadPoolExecutor$Worker.runTask(Unknown Source)
java.util.concurrent.ThreadPoolExecutor$Worker.run(Unknown Source)
java.lang.Thread.run(Unknown Source)


19:57:42.280 [pool-1-thread-1] ERROR org.coocox.codb.common.log.ErrorLog - menuToolbarStat api exception!errorCode:2000
PUT API FAILED! 
org.coocox.codb.client.core.api.ClientBaseApi.putRespCheck(ClientBaseApi.java:55)
org.coocox.codb.client.core.api.impl.StatApiImpl.menuToolbarStat(StatApiImpl.java:85)
org.coocox.codb.client.core.task.StatisticsHandler$StatHandler.run(StatisticsHandler.java:78)
java.util.concurrent.ThreadPoolExecutor$Worker.runTask(Unknown Source)
java.util.concurrent.ThreadPoolExecutor$Worker.run(Unknown Source)
java.lang.Thread.run(Unknown Source)


19:59:16.767 [pool-1-thread-2] ERROR org.coocox.codb.common.log.ErrorLog - menuToolbarStat api exception!errorCode:2000
PUT API FAILED! 
org.coocox.codb.client.core.api.ClientBaseApi.putRespCheck(ClientBaseApi.java:55)
org.coocox.codb.client.core.api.impl.StatApiImpl.menuToolbarStat(StatApiImpl.java:85)
org.coocox.codb.client.core.task.StatisticsHandler$StatHandler.run(StatisticsHandler.java:78)
java.util.concurrent.ThreadPoolExecutor$Worker.runTask(Unknown Source)
java.util.concurrent.ThreadPoolExecutor$Worker.run(Unknown Source)
java.lang.Thread.run(Unknown Source)


20:02:01.102 [pool-1-thread-1] ERROR org.coocox.codb.common.log.ErrorLog - menuToolbarStat api exception!errorCode:2000
PUT API FAILED! 
org.coocox.codb.client.core.api.ClientBaseApi.putRespCheck(ClientBaseApi.java:55)
org.coocox.codb.client.core.api.impl.StatApiImpl.menuToolbarStat(StatApiImpl.java:85)
org.coocox.codb.client.core.task.StatisticsHandler$StatHandler.run(StatisticsHandler.java:78)
java.util.concurrent.ThreadPoolExecutor$Worker.runTask(Unknown Source)
java.util.concurrent.ThreadPoolExecutor$Worker.run(Unknown Source)
java.lang.Thread.run(Unknown Source)


20:02:07.925 [pool-1-thread-2] ERROR org.coocox.codb.common.log.ErrorLog - menuToolbarStat api exception!errorCode:2000
PUT API FAILED! 
org.coocox.codb.client.core.api.ClientBaseApi.putRespCheck(ClientBaseApi.java:55)
org.coocox.codb.client.core.api.impl.StatApiImpl.menuToolbarStat(StatApiImpl.java:85)
org.coocox.codb.client.core.task.StatisticsHandler$StatHandler.run(StatisticsHandler.java:78)
java.util.concurrent.ThreadPoolExecutor$Worker.runTask(Unknown Source)
java.util.concurrent.ThreadPoolExecutor$Worker.run(Unknown Source)
java.lang.Thread.run(Unknown Source)


20:02:21.612 [pool-1-thread-1] ERROR org.coocox.codb.common.log.ErrorLog - menuToolbarStat api exception!errorCode:2000
PUT API FAILED! 
org.coocox.codb.client.core.api.ClientBaseApi.putRespCheck(ClientBaseApi.java:55)
org.coocox.codb.client.core.api.impl.StatApiImpl.menuToolbarStat(StatApiImpl.java:85)
org.coocox.codb.client.core.task.StatisticsHandler$StatHandler.run(StatisticsHandler.java:78)
java.util.concurrent.ThreadPoolExecutor$Worker.runTask(Unknown Source)
java.util.concurrent.ThreadPoolExecutor$Worker.run(Unknown Source)
java.lang.Thread.run(Unknown Source)


20:14:06.933 [pool-1-thread-2] ERROR org.coocox.codb.common.log.ErrorLog - menuToolbarStat api exception!errorCode:2000
PUT API FAILED! 
org.coocox.codb.client.core.api.ClientBaseApi.putRespCheck(ClientBaseApi.java:55)
org.coocox.codb.client.core.api.impl.StatApiImpl.menuToolbarStat(StatApiImpl.java:85)
org.coocox.codb.client.core.task.StatisticsHandler$StatHandler.run(StatisticsHandler.java:78)
java.util.concurrent.ThreadPoolExecutor$Worker.runTask(Unknown Source)
java.util.concurrent.ThreadPoolExecutor$Worker.run(Unknown Source)
java.lang.Thread.run(Unknown Source)


20:16:46.556 [pool-1-thread-1] ERROR org.coocox.codb.common.log.ErrorLog - menuToolbarStat api exception!errorCode:2000
PUT API FAILED! 
org.coocox.codb.client.core.api.ClientBaseApi.putRespCheck(ClientBaseApi.java:55)
org.coocox.codb.client.core.api.impl.StatApiImpl.menuToolbarStat(StatApiImpl.java:85)
org.coocox.codb.client.core.task.StatisticsHandler$StatHandler.run(StatisticsHandler.java:78)
java.util.concurrent.ThreadPoolExecutor$Worker.runTask(Unknown Source)
java.util.concurrent.ThreadPoolExecutor$Worker.run(Unknown Source)
java.lang.Thread.run(Unknown Source)


20:31:24.150 [pool-1-thread-2] ERROR org.coocox.codb.common.log.ErrorLog - menuToolbarStat api exception!errorCode:2000
PUT API FAILED! 
org.coocox.codb.client.core.api.ClientBaseApi.putRespCheck(ClientBaseApi.java:55)
org.coocox.codb.client.core.api.impl.StatApiImpl.menuToolbarStat(StatApiImpl.java:85)
org.coocox.codb.client.core.task.StatisticsHandler$StatHandler.run(StatisticsHandler.java:78)
java.util.concurrent.ThreadPoolExecutor$Worker.runTask(Unknown Source)
java.util.concurrent.ThreadPoolExecutor$Worker.run(Unknown Source)
java.lang.Thread.run(Unknown Source)


20:31:36.650 [pool-1-thread-1] ERROR org.coocox.codb.common.log.ErrorLog - menuToolbarStat api exception!errorCode:2000
PUT API FAILED! 
org.coocox.codb.client.core.api.ClientBaseApi.putRespCheck(ClientBaseApi.java:55)
org.coocox.codb.client.core.api.impl.StatApiImpl.menuToolbarStat(StatApiImpl.java:85)
org.coocox.codb.client.core.task.StatisticsHandler$StatHandler.run(StatisticsHandler.java:78)
java.util.concurrent.ThreadPoolExecutor$Worker.runTask(Unknown Source)
java.util.concurrent.ThreadPoolExecutor$Worker.run(Unknown Source)
java.lang.Thread.run(Unknown Source)


20:31:51.980 [pool-1-thread-2] ERROR org.coocox.codb.common.log.ErrorLog - menuToolbarStat api exception!errorCode:2000
PUT API FAILED! 
org.coocox.codb.client.core.api.ClientBaseApi.putRespCheck(ClientBaseApi.java:55)
org.coocox.codb.client.core.api.impl.StatApiImpl.menuToolbarStat(StatApiImpl.java:85)
org.coocox.codb.client.core.task.StatisticsHandler$StatHandler.run(StatisticsHandler.java:78)
java.util.concurrent.ThreadPoolExecutor$Worker.runTask(Unknown Source)
java.util.concurrent.ThreadPoolExecutor$Worker.run(Unknown Source)
java.lang.Thread.run(Unknown Source)


